# Logfile created on 2012-02-23 18:30:00 +0800 by logger.rb/31641
Will use local index.
using index in /Users/mschettke/workspace/magiclabs/alchemy_contentable/spec/dummy/index/test/alchemy/essence_richtext
[alchemy/essence_richtext] rebuild index with models: []
[alchemy/essence_richtext] reopening index at /Users/mschettke/workspace/magiclabs/alchemy_contentable/spec/dummy/index/test/alchemy/essence_richtext
[alchemy/essence_richtext] register class Alchemy::EssenceRichtext with index alchemy/essence_richtext
[alchemy/essence_richtext] default field list for index alchemy/essence_richtext: [:stripped_body]
using index in /Users/mschettke/workspace/magiclabs/alchemy_contentable/spec/dummy/index/test/alchemy/essence_text
[alchemy/essence_text] rebuild index with models: []
[alchemy/essence_text] reopening index at /Users/mschettke/workspace/magiclabs/alchemy_contentable/spec/dummy/index/test/alchemy/essence_text
[alchemy/essence_text] register class Alchemy::EssenceText with index alchemy/essence_text
[alchemy/essence_text] default field list for index alchemy/essence_text: [:body]
Will use local index.
using index in /Users/mschettke/workspace/magiclabs/alchemy_contentable/spec/dummy/index/test/alchemy/essence_richtext
[alchemy/essence_richtext] register class Alchemy::EssenceRichtext with index alchemy/essence_richtext
[alchemy/essence_richtext] default field list for index alchemy/essence_richtext: [:stripped_body]
using index in /Users/mschettke/workspace/magiclabs/alchemy_contentable/spec/dummy/index/test/alchemy/essence_text
[alchemy/essence_text] register class Alchemy::EssenceText with index alchemy/essence_text
[alchemy/essence_text] default field list for index alchemy/essence_text: [:body]
Will use local index.
using index in /Users/mschettke/workspace/magiclabs/alchemy_contentable/spec/dummy/index/test/alchemy/essence_richtext
[alchemy/essence_richtext] register class Alchemy::EssenceRichtext with index alchemy/essence_richtext
[alchemy/essence_richtext] default field list for index alchemy/essence_richtext: [:stripped_body]
using index in /Users/mschettke/workspace/magiclabs/alchemy_contentable/spec/dummy/index/test/alchemy/essence_text
[alchemy/essence_text] register class Alchemy::EssenceText with index alchemy/essence_text
[alchemy/essence_text] default field list for index alchemy/essence_text: [:body]
Will use local index.
using index in /Users/mschettke/workspace/magiclabs/alchemy_contentable/spec/dummy/index/test/alchemy/essence_richtext
[alchemy/essence_richtext] register class Alchemy::EssenceRichtext with index alchemy/essence_richtext
[alchemy/essence_richtext] default field list for index alchemy/essence_richtext: [:stripped_body]
using index in /Users/mschettke/workspace/magiclabs/alchemy_contentable/spec/dummy/index/test/alchemy/essence_text
[alchemy/essence_text] register class Alchemy::EssenceText with index alchemy/essence_text
[alchemy/essence_text] default field list for index alchemy/essence_text: [:body]
Will use local index.
using index in /Users/mschettke/workspace/magiclabs/alchemy_contentable/spec/dummy/index/test/alchemy/essence_richtext
[alchemy/essence_richtext] register class Alchemy::EssenceRichtext with index alchemy/essence_richtext
[alchemy/essence_richtext] default field list for index alchemy/essence_richtext: [:stripped_body]
using index in /Users/mschettke/workspace/magiclabs/alchemy_contentable/spec/dummy/index/test/alchemy/essence_text
[alchemy/essence_text] register class Alchemy::EssenceText with index alchemy/essence_text
[alchemy/essence_text] default field list for index alchemy/essence_text: [:body]
Will use local index.
using index in /Users/mschettke/workspace/magiclabs/alchemy_contentable/spec/dummy/index/test/alchemy/essence_richtext
[alchemy/essence_richtext] register class Alchemy::EssenceRichtext with index alchemy/essence_richtext
[alchemy/essence_richtext] default field list for index alchemy/essence_richtext: [:stripped_body]
using index in /Users/mschettke/workspace/magiclabs/alchemy_contentable/spec/dummy/index/test/alchemy/essence_text
[alchemy/essence_text] register class Alchemy::EssenceText with index alchemy/essence_text
[alchemy/essence_text] default field list for index alchemy/essence_text: [:body]
Will use local index.
using index in /Users/mschettke/workspace/magiclabs/alchemy_contentable/spec/dummy/index/test/alchemy/essence_richtext
[alchemy/essence_richtext] register class Alchemy::EssenceRichtext with index alchemy/essence_richtext
[alchemy/essence_richtext] default field list for index alchemy/essence_richtext: [:stripped_body]
using index in /Users/mschettke/workspace/magiclabs/alchemy_contentable/spec/dummy/index/test/alchemy/essence_text
[alchemy/essence_text] register class Alchemy::EssenceText with index alchemy/essence_text
[alchemy/essence_text] default field list for index alchemy/essence_text: [:body]
Will use local index.
using index in /Users/mschettke/workspace/magiclabs/alchemy_contentable/spec/dummy/index/test/alchemy/essence_richtext
[alchemy/essence_richtext] register class Alchemy::EssenceRichtext with index alchemy/essence_richtext
[alchemy/essence_richtext] default field list for index alchemy/essence_richtext: [:stripped_body]
using index in /Users/mschettke/workspace/magiclabs/alchemy_contentable/spec/dummy/index/test/alchemy/essence_text
[alchemy/essence_text] register class Alchemy::EssenceText with index alchemy/essence_text
[alchemy/essence_text] default field list for index alchemy/essence_text: [:body]
